<?xml version="1.0" encoding="UTF-8"?>
<!-- Generated by org.testng.reporters.JUnitXMLReporter -->
<testsuite ignored="2" hostname="LAPTOP-C19916DJ" failures="0" tests="2" name="TestRunner-1" time="83.964" errors="0" timestamp="2021-04-20T18:57:42 IST">
  <testcase classname="com.vtiger.CreateOpportunityUsingOrgErasebuttonTC5" name="createOppusingOrgErasebutton" time="30.044"/>
  <testcase classname="com.vtiger.CreateOpportunityusingContErasebuttonTC4" name="createContactusingErasebutton" time="29.198"/>
  <testcase classname="com.generic.BaseClass" name="@BeforeSuite beforesuite" time="0.0">
    <ignored/>
  </testcase> <!-- @BeforeSuite beforesuite -->
  <testcase classname="com.generic.BaseClass" name="@AfterSuite afterSuite" time="0.0">
    <ignored/>
  </testcase> <!-- @AfterSuite afterSuite -->
</testsuite> <!-- TestRunner-1 -->
