<?xml version="1.0" encoding="UTF-8"?>
<!-- Generated by org.testng.reporters.JUnitXMLReporter -->
<testsuite ignored="2" hostname="LAPTOP-C19916DJ" failures="0" tests="2" name="TestRunner-2" time="75.283" errors="0" timestamp="2021-04-20T18:57:33 IST">
  <testcase classname="com.vtiger.CreateOppwithOrgTC3" name="createOppwithOrg" time="25.486"/>
  <testcase classname="com.vtiger.CreateOpportiunityTC1" name="createOpportiunity" time="25.297"/>
  <testcase classname="com.generic.BaseClass" name="@BeforeSuite beforesuite" time="0.0">
    <ignored/>
  </testcase> <!-- @BeforeSuite beforesuite -->
  <testcase classname="com.generic.BaseClass" name="@AfterSuite afterSuite" time="0.0">
    <ignored/>
  </testcase> <!-- @AfterSuite afterSuite -->
</testsuite> <!-- TestRunner-2 -->
