<?xml version="1.0" encoding="UTF-8"?>
<testng-results ignored="0" total="1" passed="1" failed="0" skipped="0">
  <reporter-output>
  </reporter-output>
  <suite started-at="2021-04-20T20:26:24 IST" name="Suite" finished-at="2021-04-20T20:26:58 IST" duration-ms="34176">
    <groups>
      <group name="SMOKE-TEST">
        <method signature="CreateOpportiunityTC1.createOpportiunity()[pri:0, instance:com.vtiger.CreateOpportiunityTC1@41fecb8b]" name="createOpportiunity" class="com.vtiger.CreateOpportiunityTC1"/>
      </group> <!-- SMOKE-TEST -->
      <group name="Regression-test">
        <method signature="CreateOpportiunityTC1.createOpportiunity()[pri:0, instance:com.vtiger.CreateOpportiunityTC1@41fecb8b]" name="createOpportiunity" class="com.vtiger.CreateOpportiunityTC1"/>
      </group> <!-- Regression-test -->
    </groups>
    <test started-at="2021-04-20T20:26:24 IST" name="Test" finished-at="2021-04-20T20:26:58 IST" duration-ms="34176">
      <class name="com.vtiger.CreateOpportiunityTC1">
        <test-method is-config="true" signature="beforesuite()[pri:0, instance:com.vtiger.CreateOpportiunityTC1@41fecb8b]" started-at="2021-04-20T20:26:24 IST" name="beforesuite" finished-at="2021-04-20T20:26:24 IST" duration-ms="21" status="PASS">
          <reporter-output>
          </reporter-output>
        </test-method> <!-- beforesuite -->
        <test-method is-config="true" signature="launchBrowser()[pri:0, instance:com.vtiger.CreateOpportiunityTC1@41fecb8b]" started-at="2021-04-20T20:26:24 IST" name="launchBrowser" finished-at="2021-04-20T20:26:29 IST" duration-ms="4684" status="PASS">
          <reporter-output>
          </reporter-output>
        </test-method> <!-- launchBrowser -->
        <test-method is-config="true" signature="logintoapp()[pri:0, instance:com.vtiger.CreateOpportiunityTC1@41fecb8b]" started-at="2021-04-20T20:26:29 IST" name="logintoapp" finished-at="2021-04-20T20:26:34 IST" duration-ms="5474" status="PASS">
          <reporter-output>
          </reporter-output>
        </test-method> <!-- logintoapp -->
        <test-method signature="createOpportiunity()[pri:0, instance:com.vtiger.CreateOpportiunityTC1@41fecb8b]" started-at="2021-04-20T20:26:34 IST" name="createOpportiunity" finished-at="2021-04-20T20:26:57 IST" duration-ms="23017" status="PASS">
          <reporter-output>
          </reporter-output>
        </test-method> <!-- createOpportiunity -->
        <test-method is-config="true" signature="logoutfromApp()[pri:0, instance:com.vtiger.CreateOpportiunityTC1@41fecb8b]" started-at="2021-04-20T20:26:57 IST" name="logoutfromApp" finished-at="2021-04-20T20:26:57 IST" duration-ms="1" status="PASS">
          <reporter-output>
          </reporter-output>
        </test-method> <!-- logoutfromApp -->
        <test-method is-config="true" signature="closeBrowser()[pri:0, instance:com.vtiger.CreateOpportiunityTC1@41fecb8b]" started-at="2021-04-20T20:26:57 IST" name="closeBrowser" finished-at="2021-04-20T20:26:58 IST" duration-ms="921" status="PASS">
          <reporter-output>
          </reporter-output>
        </test-method> <!-- closeBrowser -->
        <test-method is-config="true" signature="afterSuite()[pri:0, instance:com.vtiger.CreateOpportiunityTC1@41fecb8b]" started-at="2021-04-20T20:26:59 IST" name="afterSuite" finished-at="2021-04-20T20:26:59 IST" duration-ms="0" status="PASS">
          <reporter-output>
          </reporter-output>
        </test-method> <!-- afterSuite -->
      </class> <!-- com.vtiger.CreateOpportiunityTC1 -->
    </test> <!-- Test -->
  </suite> <!-- Suite -->
</testng-results>
