<?xml version="1.0" encoding="UTF-8"?>
<testng-results ignored="0" total="1" passed="1" failed="0" skipped="0">
  <reporter-output>
  </reporter-output>
  <suite started-at="2021-04-12T15:49:35 IST" name="Default suite" finished-at="2021-04-12T15:50:39 IST" duration-ms="63574">
    <groups>
    </groups>
    <test started-at="2021-04-12T15:49:35 IST" name="Default test" finished-at="2021-04-12T15:50:39 IST" duration-ms="63574">
      <class name="com.vtiger.CreateOrgNew">
        <test-method signature="createOrg()[pri:0, instance:com.vtiger.CreateOrgNew@61386958]" started-at="2021-04-12T15:49:35 IST" name="createOrg" finished-at="2021-04-12T15:50:39 IST" duration-ms="63500" status="PASS">
          <reporter-output>
          </reporter-output>
        </test-method> <!-- createOrg -->
      </class> <!-- com.vtiger.CreateOrgNew -->
    </test> <!-- Default test -->
  </suite> <!-- Default suite -->
</testng-results>
